Aug-23 10:13:37.632 [main] DEBUG nextflow.cli.Launcher - $> nextflow run main.nf -with-tower
Aug-23 10:13:37.786 [main] INFO  nextflow.cli.CmdRun - N E X T F L O W  ~  version 21.04.3
Aug-23 10:13:37.846 [main] INFO  nextflow.cli.CmdRun - Launching `main.nf` [hungry_lorenz] - revision: 1adda63ba2
Aug-23 10:13:37.870 [main] DEBUG nextflow.config.ConfigBuilder - Found config local: /Users/williamspear/projects/nextflow-test/nextflow.config
Aug-23 10:13:37.872 [main] DEBUG nextflow.config.ConfigBuilder - Parsing config file: /Users/williamspear/projects/nextflow-test/nextflow.config
Aug-23 10:13:37.909 [main] DEBUG nextflow.config.ConfigBuilder - Applying config profile: `standard`
Aug-23 10:13:39.117 [main] DEBUG nextflow.plugin.PluginsFacade - Setting up plugin manager > mode=prod; plugins-dir=/Users/williamspear/.nextflow/plugins
Aug-23 10:13:39.119 [main] DEBUG nextflow.plugin.PluginsFacade - Plugins default=[]
Aug-23 10:13:39.128 [main] DEBUG nextflow.plugin.PluginsFacade - Plugins local root: .nextflow/plr/21921f6807262d1f701978cdf8a1f5c4
Aug-23 10:13:39.143 [main] INFO  org.pf4j.DefaultPluginStatusProvider - Enabled plugins: []
Aug-23 10:13:39.145 [main] INFO  org.pf4j.DefaultPluginStatusProvider - Disabled plugins: []
Aug-23 10:13:39.151 [main] INFO  org.pf4j.DefaultPluginManager - PF4J version 3.4.1 in 'deployment' mode
Aug-23 10:13:39.164 [main] INFO  org.pf4j.AbstractPluginManager - No plugins
Aug-23 10:13:39.164 [main] DEBUG nextflow.plugin.PluginUpdater - Installing plugin nf-tower version: 1.1.0
Aug-23 10:13:39.172 [main] INFO  org.pf4j.AbstractPluginManager - Plugin 'nf-tower@1.1.0' resolved
Aug-23 10:13:39.172 [main] INFO  org.pf4j.AbstractPluginManager - Start plugin 'nf-tower@1.1.0'
Aug-23 10:13:39.191 [main] DEBUG nextflow.plugin.BasePlugin - Plugin started nf-tower@1.1.0
Aug-23 10:13:39.273 [main] DEBUG nextflow.Session - Session uuid: c0798bee-c6f5-4d33-802f-5c7323496343
Aug-23 10:13:39.273 [main] DEBUG nextflow.Session - Run name: hungry_lorenz
Aug-23 10:13:39.274 [main] DEBUG nextflow.Session - Executor pool size: 8
Aug-23 10:13:39.288 [main] DEBUG nextflow.config.ConfigBuilder - Found config local: /Users/williamspear/projects/nextflow-test/nextflow.config
Aug-23 10:13:39.289 [main] DEBUG nextflow.config.ConfigBuilder - Parsing config file: /Users/williamspear/projects/nextflow-test/nextflow.config
Aug-23 10:13:39.289 [main] DEBUG nextflow.config.ConfigBuilder - Applying config profile: `standard`
Aug-23 10:13:39.392 [main] DEBUG nextflow.cli.CmdRun - 
  Version: 21.04.3 build 5560
  Created: 21-07-2021 15:09 UTC (11:09 EDT)
  System: Mac OS X 10.15.7
  Runtime: Groovy 3.0.7 on Java HotSpot(TM) 64-Bit Server VM 1.8.0_251-b08
  Encoding: UTF-8 (UTF-8)
  Process: 22479@Williams-MacBook-Pro.local [192.168.4.64]
  CPUs: 8 - Mem: 16 GB (32.2 MB) - Swap: 8 GB (1.4 GB)
Aug-23 10:13:39.417 [main] DEBUG nextflow.Session - Work-dir: /Users/williamspear/projects/nextflow-test/work [Mac OS X]
Aug-23 10:13:39.418 [main] DEBUG nextflow.Session - Script base path does not exist or is not a directory: /Users/williamspear/projects/nextflow-test/bin
Aug-23 10:13:39.441 [main] DEBUG nextflow.executor.ExecutorFactory - Extension executors providers=[]
Aug-23 10:13:39.464 [main] DEBUG nextflow.Session - Observer factory: DefaultObserverFactory
Aug-23 10:13:39.468 [main] DEBUG nextflow.Session - Observer factory: TowerFactory
Aug-23 10:13:39.698 [main] DEBUG nextflow.Session - Session start invoked
Aug-23 10:13:39.712 [main] DEBUG io.seqera.tower.plugin.TowerClient - Creating Tower observer -- endpoint=https://api.tower.nf; requestInterval=1s; aliveInterval=1m; maxRetries=5; backOffBase=3; backOffDelay=250
Aug-23 10:13:40.850 [main] DEBUG nextflow.script.ScriptRunner - > Launching execution
Aug-23 10:13:40.900 [main] DEBUG nextflow.Session - Workflow process names [dsl1]: bbmerge
Aug-23 10:13:40.991 [main] DEBUG nextflow.script.ProcessConfig - Config settings `withName:bbmerge` matches process bbmerge
Aug-23 10:13:40.997 [main] DEBUG nextflow.executor.ExecutorFactory - << taskConfig executor: null
Aug-23 10:13:40.997 [main] DEBUG nextflow.executor.ExecutorFactory - >> processorType: 'local'
Aug-23 10:13:41.005 [main] DEBUG nextflow.executor.Executor - [warm up] executor > local
Aug-23 10:13:41.015 [main] DEBUG n.processor.LocalPollingMonitor - Creating local task monitor for executor 'local' > cpus=8; memory=16 GB; capacity=8; pollInterval=100ms; dumpInterval=5m
Aug-23 10:13:41.405 [main] INFO  io.seqera.tower.plugin.TowerClient - Monitor the execution with Nextflow Tower using this url https://tower.nf/watch/NDK7Z8aEPi7YW
Aug-23 10:13:41.410 [main] DEBUG nextflow.script.ScriptRunner - > Await termination 
Aug-23 10:13:41.410 [Task submitter] DEBUG nextflow.executor.LocalTaskHandler - Launch cmd line: /bin/bash -ue .command.run
Aug-23 10:13:41.410 [main] DEBUG nextflow.Session - Session await
Aug-23 10:13:41.418 [Task submitter] INFO  nextflow.Session - [db/1c2b17] Submitted process > bbmerge
Aug-23 10:13:44.366 [Task monitor] DEBUG n.processor.TaskPollingMonitor - Task completed > TaskHandler[id: 1; name: bbmerge; status: COMPLETED; exit: 0; error: -; workDir: /Users/williamspear/projects/nextflow-test/work/db/1c2b179eeb09c3df76f875ec946fb3]
Aug-23 10:13:44.377 [main] DEBUG nextflow.Session - Session await > all process finished
Aug-23 10:13:44.399 [main] DEBUG nextflow.Session - Session await > all barriers passed
Aug-23 10:13:44.414 [main] DEBUG nextflow.trace.WorkflowStatsObserver - Workflow completed > WorkflowStats[succeededCount=1; failedCount=0; ignoredCount=0; cachedCount=0; pendingCount=0; submittedCount=0; runningCount=0; retriesCount=0; abortedCount=0; succeedDuration=43ms; failedDuration=0ms; cachedDuration=0ms;loadCpus=0; loadMemory=0; peakRunning=1; peakCpus=1; peakMemory=0; ]
Aug-23 10:13:44.771 [main] DEBUG nextflow.CacheDB - Closing CacheDB done
Aug-23 10:13:44.771 [main] INFO  org.pf4j.AbstractPluginManager - Stop plugin 'nf-tower@1.1.0'
Aug-23 10:13:44.771 [main] DEBUG nextflow.plugin.BasePlugin - Plugin stopped nf-tower
Aug-23 10:13:44.798 [main] DEBUG nextflow.script.ScriptRunner - > Execution complete -- Goodbye
