Aug-23 10:03:54.252 [main] DEBUG nextflow.cli.Launcher - $> nextflow run tower-test.nf -with-tower
Aug-23 10:03:54.394 [main] INFO  nextflow.cli.CmdRun - N E X T F L O W  ~  version 21.04.3
Aug-23 10:03:54.453 [main] INFO  nextflow.cli.CmdRun - Launching `tower-test.nf` [fabulous_tuckerman] - revision: 1adda63ba2
Aug-23 10:03:54.481 [main] DEBUG nextflow.config.ConfigBuilder - Found config local: /Users/williamspear/projects/nextflow-test/src/nextflow/nextflow.config
Aug-23 10:03:54.482 [main] DEBUG nextflow.config.ConfigBuilder - Parsing config file: /Users/williamspear/projects/nextflow-test/src/nextflow/nextflow.config
Aug-23 10:03:54.518 [main] DEBUG nextflow.config.ConfigBuilder - Applying config profile: `standard`
Aug-23 10:03:55.669 [main] DEBUG nextflow.plugin.PluginsFacade - Setting up plugin manager > mode=prod; plugins-dir=/Users/williamspear/.nextflow/plugins
Aug-23 10:03:55.671 [main] DEBUG nextflow.plugin.PluginsFacade - Plugins default=[]
Aug-23 10:03:55.678 [main] DEBUG nextflow.plugin.PluginsFacade - Plugins local root: .nextflow/plr/21921f6807262d1f701978cdf8a1f5c4
Aug-23 10:03:55.691 [main] INFO  org.pf4j.DefaultPluginStatusProvider - Enabled plugins: []
Aug-23 10:03:55.693 [main] INFO  org.pf4j.DefaultPluginStatusProvider - Disabled plugins: []
Aug-23 10:03:55.697 [main] INFO  org.pf4j.DefaultPluginManager - PF4J version 3.4.1 in 'deployment' mode
Aug-23 10:03:55.709 [main] INFO  org.pf4j.AbstractPluginManager - No plugins
Aug-23 10:03:55.709 [main] DEBUG nextflow.plugin.PluginUpdater - Installing plugin nf-tower version: 1.1.0
Aug-23 10:03:55.716 [main] INFO  org.pf4j.AbstractPluginManager - Plugin 'nf-tower@1.1.0' resolved
Aug-23 10:03:55.716 [main] INFO  org.pf4j.AbstractPluginManager - Start plugin 'nf-tower@1.1.0'
Aug-23 10:03:55.729 [main] DEBUG nextflow.plugin.BasePlugin - Plugin started nf-tower@1.1.0
Aug-23 10:03:55.816 [main] DEBUG nextflow.Session - Session uuid: ad058e5a-01ee-4303-b3e0-03661a7f58f9
Aug-23 10:03:55.817 [main] DEBUG nextflow.Session - Run name: fabulous_tuckerman
Aug-23 10:03:55.817 [main] DEBUG nextflow.Session - Executor pool size: 8
Aug-23 10:03:55.832 [main] DEBUG nextflow.config.ConfigBuilder - Found config local: /Users/williamspear/projects/nextflow-test/src/nextflow/nextflow.config
Aug-23 10:03:55.832 [main] DEBUG nextflow.config.ConfigBuilder - Parsing config file: /Users/williamspear/projects/nextflow-test/src/nextflow/nextflow.config
Aug-23 10:03:55.833 [main] DEBUG nextflow.config.ConfigBuilder - Applying config profile: `standard`
Aug-23 10:03:55.925 [main] DEBUG nextflow.cli.CmdRun - 
  Version: 21.04.3 build 5560
  Created: 21-07-2021 15:09 UTC (11:09 EDT)
  System: Mac OS X 10.15.7
  Runtime: Groovy 3.0.7 on Java HotSpot(TM) 64-Bit Server VM 1.8.0_251-b08
  Encoding: UTF-8 (UTF-8)
  Process: 20813@Williams-MacBook-Pro.local [192.168.4.64]
  CPUs: 8 - Mem: 16 GB (288.8 MB) - Swap: 8 GB (1.3 GB)
Aug-23 10:03:55.948 [main] DEBUG nextflow.Session - Work-dir: /Users/williamspear/projects/nextflow-test/src/nextflow/work [Mac OS X]
Aug-23 10:03:55.948 [main] DEBUG nextflow.Session - Script base path does not exist or is not a directory: /Users/williamspear/projects/nextflow-test/src/nextflow/bin
Aug-23 10:03:55.973 [main] DEBUG nextflow.executor.ExecutorFactory - Extension executors providers=[]
Aug-23 10:03:55.991 [main] DEBUG nextflow.Session - Observer factory: DefaultObserverFactory
Aug-23 10:03:55.994 [main] DEBUG nextflow.Session - Observer factory: TowerFactory
Aug-23 10:03:56.234 [main] DEBUG nextflow.Session - Session start invoked
Aug-23 10:03:56.248 [main] DEBUG io.seqera.tower.plugin.TowerClient - Creating Tower observer -- endpoint=https://api.tower.nf; requestInterval=1s; aliveInterval=1m; maxRetries=5; backOffBase=3; backOffDelay=250
Aug-23 10:03:57.295 [main] DEBUG nextflow.script.ScriptRunner - > Launching execution
Aug-23 10:03:57.325 [main] DEBUG nextflow.Session - Workflow process names [dsl1]: bbmerge
Aug-23 10:03:57.405 [main] DEBUG nextflow.script.ProcessConfig - Config settings `withName:bbmerge` matches process bbmerge
Aug-23 10:03:57.411 [main] DEBUG nextflow.executor.ExecutorFactory - << taskConfig executor: null
Aug-23 10:03:57.411 [main] DEBUG nextflow.executor.ExecutorFactory - >> processorType: 'local'
Aug-23 10:03:57.419 [main] DEBUG nextflow.executor.Executor - [warm up] executor > local
Aug-23 10:03:57.428 [main] DEBUG n.processor.LocalPollingMonitor - Creating local task monitor for executor 'local' > cpus=8; memory=16 GB; capacity=8; pollInterval=100ms; dumpInterval=5m
Aug-23 10:03:57.827 [main] INFO  io.seqera.tower.plugin.TowerClient - Monitor the execution with Nextflow Tower using this url https://tower.nf/watch/2JZPYZVTpg52SB
Aug-23 10:03:57.830 [main] DEBUG nextflow.script.ScriptRunner - > Await termination 
Aug-23 10:03:57.830 [main] DEBUG nextflow.Session - Session await
Aug-23 10:03:57.851 [Task submitter] DEBUG nextflow.executor.LocalTaskHandler - Launch cmd line: /bin/bash -ue .command.run
Aug-23 10:03:57.859 [Task submitter] INFO  nextflow.Session - [b7/8d698a] Submitted process > bbmerge
Aug-23 10:04:00.879 [Task monitor] DEBUG n.processor.TaskPollingMonitor - Task completed > TaskHandler[id: 1; name: bbmerge; status: COMPLETED; exit: 0; error: -; workDir: /Users/williamspear/projects/nextflow-test/src/nextflow/work/b7/8d698ac3fbbe333acb9c7ef09d3514]
Aug-23 10:04:00.891 [main] DEBUG nextflow.Session - Session await > all process finished
Aug-23 10:04:00.911 [main] DEBUG nextflow.Session - Session await > all barriers passed
Aug-23 10:04:00.928 [main] DEBUG nextflow.trace.WorkflowStatsObserver - Workflow completed > WorkflowStats[succeededCount=1; failedCount=0; ignoredCount=0; cachedCount=0; pendingCount=0; submittedCount=0; runningCount=0; retriesCount=0; abortedCount=0; succeedDuration=56ms; failedDuration=0ms; cachedDuration=0ms;loadCpus=0; loadMemory=0; peakRunning=1; peakCpus=1; peakMemory=0; ]
Aug-23 10:04:01.293 [main] DEBUG nextflow.CacheDB - Closing CacheDB done
Aug-23 10:04:01.293 [main] INFO  org.pf4j.AbstractPluginManager - Stop plugin 'nf-tower@1.1.0'
Aug-23 10:04:01.293 [main] DEBUG nextflow.plugin.BasePlugin - Plugin stopped nf-tower
Aug-23 10:04:01.322 [main] DEBUG nextflow.script.ScriptRunner - > Execution complete -- Goodbye
